<?xml version="1.0" encoding="UTF-8"?><testsuite name="nosetests" tests="10" errors="0" failures="0" skip="0"><testcase classname="test_forms.TestRegistrationForm" name="test_registration_form_invalid" time="0.009"></testcase><testcase classname="test_forms.TestRegistrationForm" name="test_registration_form_valid" time="0.002"></testcase><testcase classname="test_models.UserTestCase" name="test_instance_username" time="0.005"></testcase><testcase classname="test_models.UserTestCase" name="test_instance_variable" time="0.002"></testcase><testcase classname="test_views.TestUserRegistrationView" name="test_register_invalid_data" time="0.013"></testcase><testcase classname="test_views.TestUserRegistrationView" name="test_register_post_empty_data" time="0.003"></testcase><testcase classname="test_views.TestUserRegistrationView" name="test_register_post_method_should_be_405" time="0.003"></testcase><testcase classname="test_views.TestUserRegistrationView" name="test_register_valid_data" time="0.007"></testcase><testcase classname="test_views.TestUsersView" name="test_get_all_users" time="0.006"></testcase><testcase classname="test_views.TestUsersView" name="test_user_post_method_should_be_405" time="0.003"></testcase></testsuite>
